;;; 
Export: Release 11.2.0.2.0 - Production on Mer. Mai 17 22:03:01 2017

Copyright (c) 1982, 2009, Oracle and/or its affiliates.  All rights reserved.
;;; 
Connected to: Oracle Database 11g Express Edition Release 11.2.0.2.0 - Production
Starting "BLAKE"."SYS_EXPORT_SCHEMA_01":  BLAKE/********@xe DIRECTORY=dossier_export DUMPFILE=EXP_SCHEMA_17-05-2017-22-03.dmp LOGFILE=schema_lg.log SCHEMAS=BLAKE 
Estimate in progress using BLOCKS method...
Processing object type SCHEMA_EXPORT/TABLE/TABLE_DATA
Total estimation using BLOCKS method: 192 KB
Processing object type SCHEMA_EXPORT/USER
Processing object type SCHEMA_EXPORT/SYSTEM_GRANT
Processing object type SCHEMA_EXPORT/ROLE_GRANT
Processing object type SCHEMA_EXPORT/DEFAULT_ROLE
Processing object type SCHEMA_EXPORT/TABLESPACE_QUOTA
Processing object type SCHEMA_EXPORT/PRE_SCHEMA/PROCACT_SCHEMA
Processing object type SCHEMA_EXPORT/TABLE/TABLE
Processing object type SCHEMA_EXPORT/TABLE/INDEX/INDEX
Processing object type SCHEMA_EXPORT/TABLE/CONSTRAINT/CONSTRAINT
Processing object type SCHEMA_EXPORT/TABLE/INDEX/STATISTICS/INDEX_STATISTICS
Processing object type SCHEMA_EXPORT/TABLE/COMMENT
Processing object type SCHEMA_EXPORT/TABLE/CONSTRAINT/REF_CONSTRAINT
. . exported "BLAKE"."ADHERENT"                          10.51 KB     100 rows
. . exported "BLAKE"."PRATIQUE"                          5.531 KB      10 rows
. . exported "BLAKE"."SPORT"                             7.335 KB     100 rows
Master table "BLAKE"."SYS_EXPORT_SCHEMA_01" successfully loaded/unloaded
******************************************************************************
Dump file set for BLAKE.SYS_EXPORT_SCHEMA_01 is:
  D:\DATA PUMP\EXP_SCHEMA_17-05-2017-22-03.DMP
Job "BLAKE"."SYS_EXPORT_SCHEMA_01" successfully completed at 22:03:44
